<?xml version="1.0" encoding="UTF-8"?>
<!-- Generated by org.testng.reporters.JUnitReportReporter -->
<testsuite skipped="0" hostname="VSM" name="com.employeeapi.testcases.Delete_Employee_Record" tests="4" failures="0" timestamp="25 Aug 2019 13:56:37 GMT" time="0.002" errors="0">
  <testcase name="CheckStatusLine" time="0.000" classname="com.employeeapi.testcases.Delete_Employee_Record"/>
  <testcase name="CheckStatusCode" time="0.001" classname="com.employeeapi.testcases.Delete_Employee_Record"/>
  <testcase name="CheckContentType" time="0.000" classname="com.employeeapi.testcases.Delete_Employee_Record"/>
  <testcase name="CheckResponseBody" time="0.001" classname="com.employeeapi.testcases.Delete_Employee_Record"/>
</testsuite> <!-- com.employeeapi.testcases.Delete_Employee_Record -->
